#
# There is insufficient memory for the Java Runtime Environment to continue.
# Native memory allocation (malloc) failed to allocate 369264 bytes. Error detail: Chunk::new
# Possible reasons:
#   The system is out of physical RAM or swap space
#   This process is running with CompressedOops enabled, and the Java Heap may be blocking the growth of the native heap
# Possible solutions:
#   Reduce memory load on the system
#   Increase physical memory or swap space
#   Check if swap backing store is full
#   Decrease Java heap size (-Xmx/-Xms)
#   Decrease number of Java threads
#   Decrease Java thread stack sizes (-Xss)
#   Set larger code cache with -XX:ReservedCodeCacheSize=
#   JVM is running with Unscaled Compressed Oops mode in which the Java heap is
#     placed in the first 4GB address space. The Java Heap base address is the
#     maximum limit for the native heap growth. Please use -XX:HeapBaseMinAddress
#     to set the Java Heap base and to place the Java Heap above 4GB virtual address.
# This output file may be truncated or incomplete.
#
#  Out of Memory Error (arena.cpp:168), pid=39400, tid=37164
#
# JRE version: OpenJDK Runtime Environment Temurin-21.0.11+10 (21.0.11+10) (build 21.0.11+10-LTS)
# Java VM: OpenJDK 64-Bit Server VM Temurin-21.0.11+10 (21.0.11+10-LTS, mixed mode, sharing, tiered, compressed oops, compressed class ptrs, parallel gc, windows-amd64)
# No core dump will be written. Minidumps are not enabled by default on client versions of Windows
#

---------------  S U M M A R Y ------------

Command Line: --add-modules=ALL-SYSTEM --add-opens=java.base/java.util=ALL-UNNAMED --add-opens=java.base/java.lang=ALL-UNNAMED --add-opens=java.base/sun.nio.fs=ALL-UNNAMED -Declipse.application=org.eclipse.jdt.ls.core.id1 -Dosgi.bundles.defaultStartLevel=4 -Declipse.product=org.eclipse.jdt.ls.core.product -Djava.import.generatesMetadataFilesAtProjectRoot=false -DDetectVMInstallationsJob.disabled=true -Dfile.encoding=utf8 -XX:+UseParallelGC -XX:GCTimeRatio=4 -XX:AdaptiveSizePolicyWeight=90 -Dsun.zip.disableMemoryMapping=true -Xmx2G -Xms100m -Xlog:disable -javaagent:c:\Users\athar\.vscode\extensions\redhat.java-1.55.0-win32-x64\lombok\lombok-1.18.39-4050.jar c:\Users\athar\.vscode\extensions\redhat.java-1.55.0-win32-x64\server\plugins\org.eclipse.equinox.launcher_1.7.200.v20260619-2039.jar -configuration c:\Users\athar\AppData\Roaming\Code\User\globalStorage\redhat.java\1.55.0\config_ss_win -data c:\Users\athar\AppData\Roaming\Code\User\workspaceStorage\3d6e8c277dc1b6ec4cafe35dd69f1876\redhat.java\ss_ws --pipe=\\.\pipe\lsp-b5a8cf2008a1082437db81a8c2c24c21-sock

Host: 11th Gen Intel(R) Core(TM) i5-11260H @ 2.60GHz, 12 cores, 7G,  Windows 11 , 64 bit Build 26100 (10.0.26100.8521)
Time: Sun Jun 28 20:27:03 2026 India Standard Time elapsed time: 12.386229 seconds (0d 0h 0m 12s)

---------------  T H R E A D  ---------------

Current thread (0x0000025d66272d00):  JavaThread "C2 CompilerThread0" daemon [_thread_in_native, id=37164, stack(0x0000006e6f400000,0x0000006e6f500000) (1024K)]


Current CompileTask:
C2:12386 1727       4       java.io.WinNTFileSystem::normalize (143 bytes)

Stack: [0x0000006e6f400000,0x0000006e6f500000]
Native frames: (J=compiled Java code, j=interpreted, Vv=VM code, C=native code)
V  [jvm.dll+0x6d7e19]
V  [jvm.dll+0x8b5096]
V  [jvm.dll+0x8b764e]
V  [jvm.dll+0x8b7d33]
V  [jvm.dll+0x284596]
V  [jvm.dll+0xc685d]
V  [jvm.dll+0xc6da1]
V  [jvm.dll+0x3bed6b]
V  [jvm.dll+0x38b2b2]
V  [jvm.dll+0x38a6fa]
V  [jvm.dll+0x24c700]
V  [jvm.dll+0x24bce0]
V  [jvm.dll+0x1cb4ae]
V  [jvm.dll+0x25baad]
V  [jvm.dll+0x25a03a]
V  [jvm.dll+0x3f868e]
V  [jvm.dll+0x85fb0d]
V  [jvm.dll+0x6d664d]
C  [ucrtbase.dll+0x2cd30]
C  [KERNEL32.DLL+0x2e957]
C  [ntdll.dll+0x87c1c]


---------------  P R O C E S S  ---------------

Threads class SMR info:
_java_thread_list=0x0000025d6c22a6a0, length=12, elements={
0x0000025d0d514b70, 0x0000025d0d5b33c0, 0x0000025d0d4be760, 0x0000025d0d5bc240,
0x0000025d0d5bf0b0, 0x0000025d0d5c1840, 0x0000025d0d5c5100, 0x0000025d66272d00,
0x0000025d662737a0, 0x0000025d664e73b0, 0x0000025d665ca3d0, 0x0000025d679aed00
}

Java Threads: ( => current thread )
  0x0000025d0d514b70 JavaThread "main"                              [_thread_in_native, id=40908, stack(0x0000006e6ea00000,0x0000006e6eb00000) (1024K)]
  0x0000025d0d5b33c0 JavaThread "Reference Handler"          daemon [_thread_blocked, id=36468, stack(0x0000006e6ee00000,0x0000006e6ef00000) (1024K)]
  0x0000025d0d4be760 JavaThread "Finalizer"                  daemon [_thread_blocked, id=11868, stack(0x0000006e6ef00000,0x0000006e6f000000) (1024K)]
  0x0000025d0d5bc240 JavaThread "Signal Dispatcher"          daemon [_thread_blocked, id=37068, stack(0x0000006e6f000000,0x0000006e6f100000) (1024K)]
  0x0000025d0d5bf0b0 JavaThread "Attach Listener"            daemon [_thread_blocked, id=18884, stack(0x0000006e6f100000,0x0000006e6f200000) (1024K)]
  0x0000025d0d5c1840 JavaThread "Service Thread"             daemon [_thread_blocked, id=10592, stack(0x0000006e6f200000,0x0000006e6f300000) (1024K)]
  0x0000025d0d5c5100 JavaThread "Monitor Deflation Thread"   daemon [_thread_blocked, id=30432, stack(0x0000006e6f300000,0x0000006e6f400000) (1024K)]
=>0x0000025d66272d00 JavaThread "C2 CompilerThread0"         daemon [_thread_in_native, id=37164, stack(0x0000006e6f400000,0x0000006e6f500000) (1024K)]
  0x0000025d662737a0 JavaThread "C1 CompilerThread0"         daemon [_thread_blocked, id=30684, stack(0x0000006e6f500000,0x0000006e6f600000) (1024K)]
  0x0000025d664e73b0 JavaThread "Common-Cleaner"             daemon [_thread_blocked, id=9328, stack(0x0000006e6f600000,0x0000006e6f700000) (1024K)]
  0x0000025d665ca3d0 JavaThread "Notification Thread"        daemon [_thread_blocked, id=21016, stack(0x0000006e6f800000,0x0000006e6f900000) (1024K)]
  0x0000025d679aed00 JavaThread "Active Thread: Equinox Container: 75375a1b-7944-4935-9945-99d27e1e771a"        [_thread_blocked, id=6328, stack(0x0000006e70000000,0x0000006e70100000) (1024K)]
Total: 12

Other Threads:
  0x0000025d66240d70 VMThread "VM Thread"                           [id=7900, stack(0x0000006e6ed00000,0x0000006e6ee00000) (1024K)]
  0x0000025d0d57f820 WatcherThread "VM Periodic Task Thread"        [id=36784, stack(0x0000006e6ec00000,0x0000006e6ed00000) (1024K)]
  0x0000025d0d532380 WorkerThread "GC Thread#0"                     [id=33344, stack(0x0000006e6eb00000,0x0000006e6ec00000) (1024K)]
  0x0000025d6c052a40 WorkerThread "GC Thread#1"                     [id=41856, stack(0x0000006e6f900000,0x0000006e6fa00000) (1024K)]
  0x0000025d677d2aa0 WorkerThread "GC Thread#2"                     [id=37288, stack(0x0000006e6fa00000,0x0000006e6fb00000) (1024K)]
  0x0000025d677d2e50 WorkerThread "GC Thread#3"                     [id=12148, stack(0x0000006e6fb00000,0x0000006e6fc00000) (1024K)]
  0x0000025d674a6b10 WorkerThread "GC Thread#4"                     [id=29304, stack(0x0000006e6fc00000,0x0000006e6fd00000) (1024K)]
  0x0000025d674a6ec0 WorkerThread "GC Thread#5"                     [id=34024, stack(0x0000006e6fd00000,0x0000006e6fe00000) (1024K)]
  0x0000025d6774b5d0 WorkerThread "GC Thread#6"                     [id=41000, stack(0x0000006e6fe00000,0x0000006e6ff00000) (1024K)]
Total: 9

Threads with active compile tasks:
C2 CompilerThread0  12407 1727       4       java.io.WinNTFileSystem::normalize (143 bytes)
Total: 1

VM state: not at safepoint (normal execution)

VM Mutex/Monitor currently owned by a thread: None

Heap address: 0x0000000080000000, size: 2048 MB, Compressed Oops mode: 32-bit

CDS archive(s) mapped at: [0x0000025d24000000-0x0000025d24ba0000-0x0000025d24ba0000), size 12189696, SharedBaseAddress: 0x0000025d24000000, ArchiveRelocationMode: 1.
Compressed class space mapped at: 0x0000025d25000000-0x0000025d65000000, reserved size: 1073741824
Narrow klass base: 0x0000025d24000000, Narrow klass shift: 0, Narrow klass range: 0x100000000

GC Precious Log:
 CardTable entry size: 512
 CPUs: 12 total, 12 available
 Memory: 7918M
 Large Page Support: Disabled
 NUMA Support: Disabled
 Compressed Oops: Enabled (32-bit)
 Alignments: Space 512K, Generation 512K, Heap 2M
 Heap Min Capacity: 100M
 Heap Initial Capacity: 100M
 Heap Max Capacity: 2G
 Pre-touch: Disabled
 Parallel Workers: 10

Heap:
 PSYoungGen      total 29696K, used 26635K [0x00000000d5580000, 0x00000000d7680000, 0x0000000100000000)
  eden space 25600K, 91% used [0x00000000d5580000,0x00000000d6c48d70,0x00000000d6e80000)
  from space 4096K, 80% used [0x00000000d6e80000,0x00000000d71b9e98,0x00000000d7280000)
  to   space 4096K, 0% used [0x00000000d7280000,0x00000000d7280000,0x00000000d7680000)
 ParOldGen       total 68608K, used 16K [0x0000000080000000, 0x0000000084300000, 0x00000000d5580000)
  object space 68608K, 0% used [0x0000000080000000,0x0000000080004000,0x0000000084300000)
 Metaspace       used 7948K, committed 8256K, reserved 1114112K
  class space    used 833K, committed 960K, reserved 1048576K

Card table byte_map: [0x0000025d0ceb0000,0x0000025d0d2c0000] _byte_map_base: 0x0000025d0cab0000

Marking Bits: (ParMarkBitMap*) 0x00007ffac5534460
 Begin Bits: [0x0000025d1f9c0000, 0x0000025d219c0000)
 End Bits:   [0x0000025d219c0000, 0x0000025d239c0000)

Polling page: 0x0000025d0b0c0000

Metaspace:

Usage:
  Non-class:      6.95 MB used.
      Class:    833.44 KB used.
       Both:      7.76 MB used.

Virtual space:
  Non-class space:       64.00 MB reserved,       7.12 MB ( 11%) committed,  1 nodes.
      Class space:        1.00 GB reserved,     960.00 KB ( <1%) committed,  1 nodes.
             Both:        1.06 GB reserved,       8.06 MB ( <1%) committed. 

Chunk freelists:
   Non-Class:  8.83 MB
       Class:  14.91 MB
        Both:  23.73 MB

MaxMetaspaceSize: unlimited
CompressedClassSpaceSize: 1.00 GB
Initial GC threshold: 21.00 MB
Current GC threshold: 21.00 MB
CDS: on
 - commit_granule_bytes: 65536.
 - commit_granule_words: 8192.
 - virtual_space_node_default_size: 8388608.
 - enlarge_chunks_in_place: 1.
 - use_allocation_guard: 0.


Internal statistics:

num_allocs_failed_limit: 0.
num_arena_births: 228.
num_arena_deaths: 0.
num_vsnodes_births: 2.
num_vsnodes_deaths: 0.
num_space_committed: 129.
num_space_uncommitted: 0.
num_chunks_returned_to_freelist: 0.
num_chunks_taken_from_freelist: 422.
num_chunk_merges: 0.
num_chunk_splits: 269.
num_chunks_enlarged: 177.
num_inconsistent_stats: 0.

CodeHeap 'non-profiled nmethods': size=120000Kb used=747Kb max_used=747Kb free=119252Kb
 bounds [0x0000025d181e0000, 0x0000025d18450000, 0x0000025d1f710000]
CodeHeap 'profiled nmethods': size=120000Kb used=3068Kb max_used=3068Kb free=116931Kb
 bounds [0x0000025d10710000, 0x0000025d10a10000, 0x0000025d17c40000]
CodeHeap 'non-nmethods': size=5760Kb used=1226Kb max_used=1247Kb free=4533Kb
 bounds [0x0000025d17c40000, 0x0000025d17eb0000, 0x0000025d181e0000]
CodeCache: size=245760Kb, used=5041Kb, max_used=5062Kb, free=240716Kb
 total_blobs=2206, nmethods=1723, adapters=390, full_count=0
Compilation: enabled, stopped_count=0, restarted_count=0

Compilation events (20 events):
Event: 10.136 Thread 0x0000025d662737a0 nmethod 1717 0x0000025d10a06d90 code [0x0000025d10a070a0, 0x0000025d10a082d8]
Event: 10.136 Thread 0x0000025d662737a0 1718       1       sun.nio.fs.NativeBuffer::address (5 bytes)
Event: 10.136 Thread 0x0000025d662737a0 nmethod 1718 0x0000025d1829ac90 code [0x0000025d1829ae20, 0x0000025d1829aee8]
Event: 10.146 Thread 0x0000025d662737a0 1719       3       java.net.URL::toExternalForm (9 bytes)
Event: 10.146 Thread 0x0000025d662737a0 nmethod 1719 0x0000025d10a08a10 code [0x0000025d10a08bc0, 0x0000025d10a08da0]
Event: 10.273 Thread 0x0000025d662737a0 1720       3       java.lang.System::checkKey (34 bytes)
Event: 10.273 Thread 0x0000025d662737a0 nmethod 1720 0x0000025d10a08e90 code [0x0000025d10a09080, 0x0000025d10a09428]
Event: 10.273 Thread 0x0000025d662737a0 1721       3       sun.nio.fs.WindowsPathParser::nextNonSlash (24 bytes)
Event: 10.273 Thread 0x0000025d662737a0 nmethod 1721 0x0000025d10a09590 code [0x0000025d10a097a0, 0x0000025d10a09ea8]
Event: 10.273 Thread 0x0000025d662737a0 1722       3       java.lang.AbstractStringBuilder::append (67 bytes)
Event: 10.274 Thread 0x0000025d662737a0 nmethod 1722 0x0000025d10a0a210 code [0x0000025d10a0a420, 0x0000025d10a0aaa0]
Event: 10.282 Thread 0x0000025d662737a0 1723       3       java.lang.ThreadLocal::get (35 bytes)
Event: 10.282 Thread 0x0000025d662737a0 nmethod 1723 0x0000025d10a0ac90 code [0x0000025d10a0ae60, 0x0000025d10a0b168]
Event: 10.282 Thread 0x0000025d662737a0 1724       3       java.io.WinNTFileSystem::normalizePrefix (132 bytes)
Event: 10.283 Thread 0x0000025d662737a0 nmethod 1724 0x0000025d10a0b310 code [0x0000025d10a0b720, 0x0000025d10a0d6c8]
Event: 10.292 Thread 0x0000025d662737a0 1725       3       java.lang.Integer::valueOf (32 bytes)
Event: 10.292 Thread 0x0000025d662737a0 nmethod 1725 0x0000025d10a0e310 code [0x0000025d10a0e4e0, 0x0000025d10a0e7e8]
Event: 10.359 Thread 0x0000025d662737a0 1726       3       org.eclipse.osgi.framework.util.SecureAction::getProperty (31 bytes)
Event: 10.359 Thread 0x0000025d66272d00 1727       4       java.io.WinNTFileSystem::normalize (143 bytes)
Event: 10.359 Thread 0x0000025d662737a0 nmethod 1726 0x0000025d10a0e910 code [0x0000025d10a0eb00, 0x0000025d10a0ef58]

GC Heap History (2 events):
Event: 5.259 GC heap before
{Heap before GC invocations=1 (full 0):
 PSYoungGen      total 29696K, used 25600K [0x00000000d5580000, 0x00000000d7680000, 0x0000000100000000)
  eden space 25600K, 100% used [0x00000000d5580000,0x00000000d6e80000,0x00000000d6e80000)
  from space 4096K, 0% used [0x00000000d7280000,0x00000000d7280000,0x00000000d7680000)
  to   space 4096K, 0% used [0x00000000d6e80000,0x00000000d6e80000,0x00000000d7280000)
 ParOldGen       total 68608K, used 0K [0x0000000080000000, 0x0000000084300000, 0x00000000d5580000)
  object space 68608K, 0% used [0x0000000080000000,0x0000000080000000,0x0000000084300000)
 Metaspace       used 4377K, committed 4608K, reserved 1114112K
  class space    used 475K, committed 576K, reserved 1048576K
}
Event: 5.264 GC heap after
{Heap after GC invocations=1 (full 0):
 PSYoungGen      total 29696K, used 3303K [0x00000000d5580000, 0x00000000d7680000, 0x0000000100000000)
  eden space 25600K, 0% used [0x00000000d5580000,0x00000000d5580000,0x00000000d6e80000)
  from space 4096K, 80% used [0x00000000d6e80000,0x00000000d71b9e98,0x00000000d7280000)
  to   space 4096K, 0% used [0x00000000d7280000,0x00000000d7280000,0x00000000d7680000)
 ParOldGen       total 68608K, used 16K [0x0000000080000000, 0x0000000084300000, 0x00000000d5580000)
  object space 68608K, 0% used [0x0000000080000000,0x0000000080004000,0x0000000084300000)
 Metaspace       used 4377K, committed 4608K, reserved 1114112K
  class space    used 475K, committed 576K, reserved 1048576K
}

Dll operation events (8 events):
Event: 0.201 Loaded shared library c:\Users\athar\.vscode\extensions\redhat.java-1.55.0-win32-x64\jre\21.0.11-win32-x86_64\bin\java.dll
Event: 0.395 Loaded shared library c:\Users\athar\.vscode\extensions\redhat.java-1.55.0-win32-x64\jre\21.0.11-win32-x86_64\bin\zip.dll
Event: 0.415 Loaded shared library C:\Users\athar\.vscode\extensions\redhat.java-1.55.0-win32-x64\jre\21.0.11-win32-x86_64\bin\instrument.dll
Event: 0.451 Loaded shared library C:\Users\athar\.vscode\extensions\redhat.java-1.55.0-win32-x64\jre\21.0.11-win32-x86_64\bin\net.dll
Event: 0.485 Loaded shared library C:\Users\athar\.vscode\extensions\redhat.java-1.55.0-win32-x64\jre\21.0.11-win32-x86_64\bin\nio.dll
Event: 0.488 Loaded shared library C:\Users\athar\.vscode\extensions\redhat.java-1.55.0-win32-x64\jre\21.0.11-win32-x86_64\bin\zip.dll
Event: 0.504 Loaded shared library C:\Users\athar\.vscode\extensions\redhat.java-1.55.0-win32-x64\jre\21.0.11-win32-x86_64\bin\jimage.dll
Event: 0.628 Loaded shared library c:\Users\athar\.vscode\extensions\redhat.java-1.55.0-win32-x64\jre\21.0.11-win32-x86_64\bin\verify.dll

Deoptimization events (20 events):
Event: 10.042 Thread 0x0000025d0d514b70 Uncommon trap: trap_request=0xffffffde fr.pc=0x0000025d1827c840 relative=0x00000000000009c0
Event: 10.042 Thread 0x0000025d0d514b70 Uncommon trap: reason=class_check action=maybe_recompile pc=0x0000025d1827c840 method=java.util.HashMap.putVal(ILjava/lang/Object;Ljava/lang/Object;ZZ)Ljava/lang/Object; @ 253 c2
Event: 10.042 Thread 0x0000025d0d514b70 DEOPT PACKING pc=0x0000025d1827c840 sp=0x0000006e6eafe540
Event: 10.042 Thread 0x0000025d0d514b70 DEOPT UNPACKING pc=0x0000025d17c96da2 sp=0x0000006e6eafe468 mode 2
Event: 10.043 Thread 0x0000025d0d514b70 Uncommon trap: trap_request=0xffffffde fr.pc=0x0000025d18246374 relative=0x0000000000000494
Event: 10.043 Thread 0x0000025d0d514b70 Uncommon trap: reason=class_check action=maybe_recompile pc=0x0000025d18246374 method=java.util.HashMap.putVal(ILjava/lang/Object;Ljava/lang/Object;ZZ)Ljava/lang/Object; @ 253 c2
Event: 10.043 Thread 0x0000025d0d514b70 DEOPT PACKING pc=0x0000025d18246374 sp=0x0000006e6eafe3a0
Event: 10.043 Thread 0x0000025d0d514b70 DEOPT UNPACKING pc=0x0000025d17c96da2 sp=0x0000006e6eafe360 mode 2
Event: 10.076 Thread 0x0000025d0d514b70 DEOPT PACKING pc=0x0000025d107d9fbc sp=0x0000006e6eaf8d80
Event: 10.076 Thread 0x0000025d0d514b70 DEOPT UNPACKING pc=0x0000025d17c978e2 sp=0x0000006e6eaf82a0 mode 0
Event: 10.083 Thread 0x0000025d0d514b70 DEOPT PACKING pc=0x0000025d1080de8b sp=0x0000006e6eafcaf0
Event: 10.083 Thread 0x0000025d0d514b70 DEOPT UNPACKING pc=0x0000025d17c978e2 sp=0x0000006e6eafbf68 mode 0
Event: 10.084 Thread 0x0000025d0d514b70 DEOPT PACKING pc=0x0000025d10892008 sp=0x0000006e6eafc6f0
Event: 10.084 Thread 0x0000025d0d514b70 DEOPT UNPACKING pc=0x0000025d17c978e2 sp=0x0000006e6eafbb70 mode 0
Event: 10.085 Thread 0x0000025d0d514b70 DEOPT PACKING pc=0x0000025d10892008 sp=0x0000006e6eafca00
Event: 10.085 Thread 0x0000025d0d514b70 DEOPT UNPACKING pc=0x0000025d17c978e2 sp=0x0000006e6eafbe80 mode 0
Event: 10.085 Thread 0x0000025d0d514b70 DEOPT PACKING pc=0x0000025d10892008 sp=0x0000006e6eafc950
Event: 10.085 Thread 0x0000025d0d514b70 DEOPT UNPACKING pc=0x0000025d17c978e2 sp=0x0000006e6eafbdd0 mode 0
Event: 10.086 Thread 0x0000025d0d514b70 DEOPT PACKING pc=0x0000025d10892008 sp=0x0000006e6eafcc50
Event: 10.086 Thread 0x0000025d0d514b70 DEOPT UNPACKING pc=0x0000025d17c978e2 sp=0x0000006e6eafc0d0 mode 0

Classes loaded (20 events):
Event: 10.080 Loading class java/security/KeyStoreException
Event: 10.080 Loading class java/security/KeyStoreException done
Event: 10.098 Loading class java/util/LinkedList$Node
Event: 10.099 Loading class java/util/LinkedList$Node done
Event: 10.099 Loading class java/util/LinkedList$ListItr
Event: 10.099 Loading class java/util/LinkedList$ListItr done
Event: 10.101 Loading class java/lang/Thread$Builder$OfPlatform
Event: 10.101 Loading class java/lang/Thread$Builder
Event: 10.101 Loading class java/lang/Thread$Builder done
Event: 10.101 Loading class java/lang/Thread$Builder$OfPlatform done
Event: 10.101 Loading class java/lang/Thread$Builder$OfVirtual
Event: 10.101 Loading class java/lang/Thread$Builder$OfVirtual done
Event: 10.109 Loading class sun/nio/fs/WindowsChannelFactory
Event: 10.109 Loading class sun/nio/fs/WindowsChannelFactory done
Event: 10.109 Loading class sun/nio/fs/WindowsChannelFactory$1
Event: 10.109 Loading class sun/nio/fs/WindowsChannelFactory$1 done
Event: 10.109 Loading class sun/nio/fs/WindowsChannelFactory$Flags
Event: 10.110 Loading class sun/nio/fs/WindowsChannelFactory$Flags done
Event: 10.110 Loading class sun/nio/ch/FileChannelImpl$Closer
Event: 10.110 Loading class sun/nio/ch/FileChannelImpl$Closer done

Classes unloaded (0 events):
No events

Classes redefined (0 events):
No events

Internal exceptions (20 events):
Event: 5.067 Thread 0x0000025d0d514b70 Exception <a 'java/lang/NoSuchMethodError'{0x00000000d6605260}: 'java.lang.Object java.lang.invoke.DirectMethodHandle$Holder.invokeInterface(java.lang.Object, java.lang.Object, int)'> (0x00000000d6605260) 
thrown [s\src\hotspot\share\interpreter\linkResolver.cpp, line 773]
Event: 5.210 Thread 0x0000025d0d514b70 Exception <a 'java/lang/NoSuchMethodError'{0x00000000d6a6c2d0}: 'java.lang.ClassLoader java.lang.ClassLoader.getPlatformClassLoader(java.lang.Class)'> (0x00000000d6a6c2d0) 
thrown [s\src\hotspot\share\interpreter\linkResolver.cpp, line 773]
Event: 5.265 Thread 0x0000025d0d514b70 Exception <a 'java/lang/ClassNotFoundException'{0x00000000d558ad48}: sun/net/www/protocol/c/Handler> (0x00000000d558ad48) 
thrown [s\src\hotspot\share\classfile\systemDictionary.cpp, line 313]
Event: 5.266 Thread 0x0000025d0d514b70 Exception <a 'java/lang/ClassNotFoundException'{0x00000000d558c118}: sun/net/www/protocol/c/Handler> (0x00000000d558c118) 
thrown [s\src\hotspot\share\classfile\systemDictionary.cpp, line 313]
Event: 5.266 Thread 0x0000025d0d514b70 Exception <a 'java/lang/ClassNotFoundException'{0x00000000d558d350}: sun/net/www/protocol/c/Handler> (0x00000000d558d350) 
thrown [s\src\hotspot\share\classfile\systemDictionary.cpp, line 313]
Event: 6.274 Thread 0x0000025d0d514b70 Exception <a 'java/io/FileNotFoundException'{0x00000000d55b4e30}> (0x00000000d55b4e30) 
thrown [s\src\hotspot\share\prims\jni.cpp, line 520]
Event: 6.291 Thread 0x0000025d0d514b70 Implicit null exception at 0x0000025d182396c9 to 0x0000025d1823a05c
Event: 6.291 Thread 0x0000025d0d514b70 Implicit null exception at 0x0000025d1823dd9a to 0x0000025d1823dfa0
Event: 6.292 Thread 0x0000025d0d514b70 Exception <a 'java/lang/NoSuchMethodError'{0x00000000d56e7dd0}: 'void java.lang.invoke.DirectMethodHandle$Holder.invokeStatic(java.lang.Object, java.lang.Object, java.lang.Object, java.lang.Object)'> (0x00000000d56e7dd0) 
thrown [s\src\hotspot\share\interpreter\linkResolver.cpp, line 773]
Event: 6.292 Thread 0x0000025d0d514b70 Implicit null exception at 0x0000025d18243a1a to 0x0000025d18243c24
Event: 6.292 Thread 0x0000025d0d514b70 Implicit null exception at 0x0000025d1823c83d to 0x0000025d1823c8c1
Event: 9.814 Thread 0x0000025d0d514b70 Exception <a 'java/lang/NoSuchMethodError'{0x00000000d59a8518}: 'void java.lang.invoke.DirectMethodHandle$Holder.invokeSpecial(java.lang.Object, java.lang.Object, java.lang.Object)'> (0x00000000d59a8518) 
thrown [s\src\hotspot\share\interpreter\linkResolver.cpp, line 773]
Event: 9.973 Thread 0x0000025d0d514b70 Exception <a 'java/lang/NoSuchMethodError'{0x00000000d62a2df0}: 'int java.lang.invoke.DirectMethodHandle$Holder.invokeVirtual(java.lang.Object, java.lang.Object)'> (0x00000000d62a2df0) 
thrown [s\src\hotspot\share\interpreter\linkResolver.cpp, line 773]
Event: 9.999 Thread 0x0000025d0d514b70 Exception <a 'java/lang/NoSuchMethodError'{0x00000000d641aa18}: 'int java.lang.invoke.DirectMethodHandle$Holder.invokeStaticInit(java.lang.Object, java.lang.Object, java.lang.Object, java.lang.Object)'> (0x00000000d641aa18) 
thrown [s\src\hotspot\share\interpreter\linkResolver.cpp, line 773]
Event: 10.000 Thread 0x0000025d0d514b70 Exception <a 'java/lang/IncompatibleClassChangeError'{0x00000000d6423100}: Found class java.lang.Object, but interface was expected> (0x00000000d6423100) 
thrown [s\src\hotspot\share\interpreter\linkResolver.cpp, line 840]
Event: 10.000 Thread 0x0000025d0d514b70 Exception <a 'java/lang/NoSuchMethodError'{0x00000000d64296b0}: 'void java.lang.invoke.DirectMethodHandle$Holder.invokeStaticInit(java.lang.Object, java.lang.Object)'> (0x00000000d64296b0) 
thrown [s\src\hotspot\share\interpreter\linkResolver.cpp, line 773]
Event: 10.001 Thread 0x0000025d0d514b70 Exception <a 'java/lang/NoSuchMethodError'{0x00000000d6432868}: 'int java.lang.invoke.DirectMethodHandle$Holder.invokeStaticInit(java.lang.Object, java.lang.Object)'> (0x00000000d6432868) 
thrown [s\src\hotspot\share\interpreter\linkResolver.cpp, line 773]
Event: 10.034 Thread 0x0000025d0d514b70 Exception <a 'java/lang/NoSuchMethodError'{0x00000000d667c758}: 'java.lang.Object java.lang.invoke.DirectMethodHandle$Holder.newInvokeSpecial(java.lang.Object, int, java.lang.Object)'> (0x00000000d667c758) 
thrown [s\src\hotspot\share\interpreter\linkResolver.cpp, line 773]
Event: 10.064 Thread 0x0000025d0d514b70 Exception <a 'java/lang/ClassNotFoundException'{0x00000000d689fc40}: sun/net/www/protocol/plurl/Handler> (0x00000000d689fc40) 
thrown [s\src\hotspot\share\classfile\systemDictionary.cpp, line 313]
Event: 10.064 Thread 0x0000025d0d514b70 Exception <a 'java/lang/ClassNotFoundException'{0x00000000d68a0ac0}: sun/net/www/protocol/plurl/Handler> (0x00000000d68a0ac0) 
thrown [s\src\hotspot\share\classfile\systemDictionary.cpp, line 313]

ZGC Phase Switch (0 events):
No events

VM Operations (20 events):
Event: 4.913 Executing safepoint VM operation: Cleanup
Event: 4.913 Executing safepoint VM operation: Cleanup done
Event: 5.247 Executing non-safepoint VM operation: HandshakeAllThreads (Deoptimize)
Event: 5.247 Executing non-safepoint VM operation: HandshakeAllThreads (Deoptimize) done
Event: 5.258 Executing safepoint VM operation: ParallelGCFailedAllocation (Allocation Failure)
Event: 5.264 Executing safepoint VM operation: ParallelGCFailedAllocation (Allocation Failure) done
Event: 7.284 Executing safepoint VM operation: Cleanup
Event: 7.284 Executing safepoint VM operation: Cleanup done
Event: 10.018 Executing non-safepoint VM operation: HandshakeAllThreads (Deoptimize)
Event: 10.018 Executing non-safepoint VM operation: HandshakeAllThreads (Deoptimize) done
Event: 10.018 Executing safepoint VM operation: Cleanup
Event: 10.018 Executing safepoint VM operation: Cleanup done
Event: 10.027 Executing non-safepoint VM operation: HandshakeAllThreads (Deoptimize)
Event: 10.027 Executing non-safepoint VM operation: HandshakeAllThreads (Deoptimize) done
Event: 10.051 Executing non-safepoint VM operation: HandshakeAllThreads (Deoptimize)
Event: 10.051 Executing non-safepoint VM operation: HandshakeAllThreads (Deoptimize) done
Event: 10.060 Executing non-safepoint VM operation: HandshakeAllThreads (Deoptimize)
Event: 10.060 Executing non-safepoint VM operation: HandshakeAllThreads (Deoptimize) done
Event: 11.062 Executing safepoint VM operation: Cleanup
Event: 11.062 Executing safepoint VM operation: Cleanup done

Memory protections (0 events):
No events

Nmethod flushes (0 events):
No events

Events (20 events):
Event: 0.330 Thread 0x0000025d0d514b70 Thread added: 0x0000025d0d4be760
Event: 0.330 Thread 0x0000025d0d514b70 Thread added: 0x0000025d0d5bc240
Event: 0.330 Thread 0x0000025d0d514b70 Thread added: 0x0000025d0d5bf0b0
Event: 0.330 Thread 0x0000025d0d514b70 Thread added: 0x0000025d0d5c1840
Event: 0.330 Thread 0x0000025d0d514b70 Thread added: 0x0000025d0d5c5100
Event: 0.331 Thread 0x0000025d0d514b70 Thread added: 0x0000025d66272d00
Event: 0.331 Thread 0x0000025d0d514b70 Thread added: 0x0000025d662737a0
Event: 0.416 Thread 0x0000025d0d514b70 Thread added: 0x0000025d664e73b0
Event: 0.586 Thread 0x0000025d662737a0 Thread added: 0x0000025d664f3f30
Event: 0.699 Thread 0x0000025d0d514b70 Thread added: 0x0000025d665ca3d0
Event: 0.781 Thread 0x0000025d662737a0 Thread added: 0x0000025d67373840
Event: 5.142 Thread 0x0000025d67373840 Thread exited: 0x0000025d67373840
Event: 5.142 Thread 0x0000025d664f3f30 Thread exited: 0x0000025d664f3f30
Event: 5.151 Thread 0x0000025d662737a0 Thread added: 0x0000025d67373840
Event: 6.274 Thread 0x0000025d67373840 Thread exited: 0x0000025d67373840
Event: 9.840 Thread 0x0000025d662737a0 Thread added: 0x0000025d675e3b10
Event: 9.844 Thread 0x0000025d662737a0 Thread added: 0x0000025d676a6140
Event: 10.009 Thread 0x0000025d0d514b70 Thread added: 0x0000025d679aed00
Event: 10.273 Thread 0x0000025d676a6140 Thread exited: 0x0000025d676a6140
Event: 10.273 Thread 0x0000025d675e3b10 Thread exited: 0x0000025d675e3b10


Dynamic libraries:
0x00007ff6df4c0000 - 0x00007ff6df4ce000 	c:\Users\athar\.vscode\extensions\redhat.java-1.55.0-win32-x64\jre\21.0.11-win32-x86_64\bin\java.exe
0x00007ffb55f00000 - 0x00007ffb56166000 	C:\WINDOWS\SYSTEM32\ntdll.dll
0x00007ffb54e50000 - 0x00007ffb54f19000 	C:\WINDOWS\System32\KERNEL32.DLL
0x00007ffb53840000 - 0x00007ffb53c3a000 	C:\WINDOWS\System32\KERNELBASE.dll
0x00007ffb53400000 - 0x00007ffb5354c000 	C:\WINDOWS\System32\ucrtbase.dll
0x00007ffb49490000 - 0x00007ffb494ae000 	c:\Users\athar\.vscode\extensions\redhat.java-1.55.0-win32-x64\jre\21.0.11-win32-x86_64\bin\VCRUNTIME140.dll
0x00007ffb45b00000 - 0x00007ffb45b18000 	c:\Users\athar\.vscode\extensions\redhat.java-1.55.0-win32-x64\jre\21.0.11-win32-x86_64\bin\jli.dll
0x00007ffb55200000 - 0x00007ffb553c7000 	C:\WINDOWS\System32\USER32.dll
0x00007ffb39030000 - 0x00007ffb392c2000 	C:\WINDOWS\WinSxS\amd64_microsoft.windows.common-controls_6595b64144ccf1df_6.0.26100.8521_none_3e08b75ce33403b3\COMCTL32.dll
0x00007ffb53c40000 - 0x00007ffb53c67000 	C:\WINDOWS\System32\win32u.dll
0x00007ffb53d90000 - 0x00007ffb53e39000 	C:\WINDOWS\System32\msvcrt.dll
0x00007ffb553d0000 - 0x00007ffb553fb000 	C:\WINDOWS\System32\GDI32.dll
0x00007ffb53190000 - 0x00007ffb532bb000 	C:\WINDOWS\System32\gdi32full.dll
0x00007ffb53790000 - 0x00007ffb53833000 	C:\WINDOWS\System32\msvcp_win.dll
0x00007ffb53fd0000 - 0x00007ffb54002000 	C:\WINDOWS\System32\IMM32.DLL
0x00007ffb4a280000 - 0x00007ffb4a28c000 	c:\Users\athar\.vscode\extensions\redhat.java-1.55.0-win32-x64\jre\21.0.11-win32-x86_64\bin\vcruntime140_1.dll
0x00007ffb1afd0000 - 0x00007ffb1b05d000 	c:\Users\athar\.vscode\extensions\redhat.java-1.55.0-win32-x64\jre\21.0.11-win32-x86_64\bin\msvcp140.dll
0x00007ffac4870000 - 0x00007ffac5612000 	c:\Users\athar\.vscode\extensions\redhat.java-1.55.0-win32-x64\jre\21.0.11-win32-x86_64\bin\server\jvm.dll
0x00007ffb54010000 - 0x00007ffb540c6000 	C:\WINDOWS\System32\ADVAPI32.dll
0x00007ffb53ce0000 - 0x00007ffb53d8a000 	C:\WINDOWS\System32\sechost.dll
0x00007ffb54400000 - 0x00007ffb54518000 	C:\WINDOWS\System32\RPCRT4.dll
0x00007ffb53f40000 - 0x00007ffb53fc0000 	C:\WINDOWS\System32\WS2_32.dll
0x00007ffb51d80000 - 0x00007ffb51dde000 	C:\WINDOWS\SYSTEM32\POWRPROF.dll
0x00007ffb49da0000 - 0x00007ffb49dab000 	C:\WINDOWS\SYSTEM32\VERSION.dll
0x00007ffb45df0000 - 0x00007ffb45e26000 	C:\WINDOWS\SYSTEM32\WINMM.dll
0x00007ffb51d60000 - 0x00007ffb51d74000 	C:\WINDOWS\SYSTEM32\UMPDC.dll
0x00007ffb52040000 - 0x00007ffb5205b000 	C:\WINDOWS\SYSTEM32\kernel.appcore.dll
0x00007ffb49920000 - 0x00007ffb4992a000 	c:\Users\athar\.vscode\extensions\redhat.java-1.55.0-win32-x64\jre\21.0.11-win32-x86_64\bin\jimage.dll
0x00007ffb507c0000 - 0x00007ffb50a02000 	C:\WINDOWS\SYSTEM32\DBGHELP.DLL
0x00007ffb54a50000 - 0x00007ffb54dd3000 	C:\WINDOWS\System32\combase.dll
0x00007ffb53e40000 - 0x00007ffb53f19000 	C:\WINDOWS\System32\OLEAUT32.dll
0x00007ffb371e0000 - 0x00007ffb3721b000 	C:\WINDOWS\SYSTEM32\dbgcore.DLL
0x00007ffb532c0000 - 0x00007ffb53368000 	C:\WINDOWS\System32\bcryptPrimitives.dll
0x00007ffb3f840000 - 0x00007ffb3f84f000 	c:\Users\athar\.vscode\extensions\redhat.java-1.55.0-win32-x64\jre\21.0.11-win32-x86_64\bin\instrument.dll
0x00007ffb3f110000 - 0x00007ffb3f130000 	c:\Users\athar\.vscode\extensions\redhat.java-1.55.0-win32-x64\jre\21.0.11-win32-x86_64\bin\java.dll
0x00007ffb55400000 - 0x00007ffb55b84000 	C:\WINDOWS\System32\SHELL32.dll
0x00007ffb50d40000 - 0x00007ffb515c0000 	C:\WINDOWS\SYSTEM32\windows.storage.dll
0x00007ffb54f20000 - 0x00007ffb55016000 	C:\WINDOWS\System32\SHCORE.dll
0x00007ffb53c70000 - 0x00007ffb53cd7000 	C:\WINDOWS\System32\shlwapi.dll
0x00007ffb530b0000 - 0x00007ffb530d9000 	C:\WINDOWS\SYSTEM32\profapi.dll
0x00007ffb3ca30000 - 0x00007ffb3ca48000 	c:\Users\athar\.vscode\extensions\redhat.java-1.55.0-win32-x64\jre\21.0.11-win32-x86_64\bin\zip.dll
0x00007ffb3f800000 - 0x00007ffb3f810000 	C:\Users\athar\.vscode\extensions\redhat.java-1.55.0-win32-x64\jre\21.0.11-win32-x86_64\bin\net.dll
0x00007ffb4a820000 - 0x00007ffb4a949000 	C:\WINDOWS\SYSTEM32\WINHTTP.dll
0x00007ffb525b0000 - 0x00007ffb5261c000 	C:\WINDOWS\system32\mswsock.dll
0x00007ffb3bdc0000 - 0x00007ffb3bdd6000 	C:\Users\athar\.vscode\extensions\redhat.java-1.55.0-win32-x64\jre\21.0.11-win32-x86_64\bin\nio.dll
0x00007ffb3f320000 - 0x00007ffb3f330000 	c:\Users\athar\.vscode\extensions\redhat.java-1.55.0-win32-x64\jre\21.0.11-win32-x86_64\bin\verify.dll

JVMTI agents:
c:\Users\athar\.vscode\extensions\redhat.java-1.55.0-win32-x64\lombok\lombok-1.18.39-4050.jar path:c:\Users\athar\.vscode\extensions\redhat.java-1.55.0-win32-x64\jre\21.0.11-win32-x86_64\bin\instrument.dll, loaded, initialized, instrumentlib options:none

dbghelp: loaded successfully - version: 4.0.5 - missing functions: none
symbol engine: initialized successfully - sym options: 0x614 - pdb path: .;c:\Users\athar\.vscode\extensions\redhat.java-1.55.0-win32-x64\jre\21.0.11-win32-x86_64\bin;C:\WINDOWS\SYSTEM32;C:\WINDOWS\WinSxS\amd64_microsoft.windows.common-controls_6595b64144ccf1df_6.0.26100.8521_none_3e08b75ce33403b3;c:\Users\athar\.vscode\extensions\redhat.java-1.55.0-win32-x64\jre\21.0.11-win32-x86_64\bin\server

VM Arguments:
jvm_args: --add-modules=ALL-SYSTEM --add-opens=java.base/java.util=ALL-UNNAMED --add-opens=java.base/java.lang=ALL-UNNAMED --add-opens=java.base/sun.nio.fs=ALL-UNNAMED -Declipse.application=org.eclipse.jdt.ls.core.id1 -Dosgi.bundles.defaultStartLevel=4 -Declipse.product=org.eclipse.jdt.ls.core.product -Djava.import.generatesMetadataFilesAtProjectRoot=false -DDetectVMInstallationsJob.disabled=true -Dfile.encoding=utf8 -XX:+UseParallelGC -XX:GCTimeRatio=4 -XX:AdaptiveSizePolicyWeight=90 -Dsun.zip.disableMemoryMapping=true -Xmx2G -Xms100m -Xlog:disable -javaagent:c:\Users\athar\.vscode\extensions\redhat.java-1.55.0-win32-x64\lombok\lombok-1.18.39-4050.jar 
java_command: c:\Users\athar\.vscode\extensions\redhat.java-1.55.0-win32-x64\server\plugins\org.eclipse.equinox.launcher_1.7.200.v20260619-2039.jar -configuration c:\Users\athar\AppData\Roaming\Code\User\globalStorage\redhat.java\1.55.0\config_ss_win -data c:\Users\athar\AppData\Roaming\Code\User\workspaceStorage\3d6e8c277dc1b6ec4cafe35dd69f1876\redhat.java\ss_ws --pipe=\\.\pipe\lsp-b5a8cf2008a1082437db81a8c2c24c21-sock
java_class_path (initial): c:\Users\athar\.vscode\extensions\redhat.java-1.55.0-win32-x64\server\plugins\org.eclipse.equinox.launcher_1.7.200.v20260619-2039.jar
Launcher Type: SUN_STANDARD

[Global flags]
    uintx AdaptiveSizePolicyWeight                 = 90                                        {product} {command line}
     intx CICompilerCount                          = 4                                         {product} {ergonomic}
    uintx GCTimeRatio                              = 4                                         {product} {command line}
   size_t InitialHeapSize                          = 104857600                                 {product} {command line}
   size_t MaxHeapSize                              = 2147483648                                {product} {command line}
   size_t MaxNewSize                               = 715653120                                 {product} {ergonomic}
   size_t MinHeapDeltaBytes                        = 524288                                    {product} {ergonomic}
   size_t MinHeapSize                              = 104857600                                 {product} {command line}
   size_t NewSize                                  = 34603008                                  {product} {ergonomic}
    uintx NonNMethodCodeHeapSize                   = 5839372                                {pd product} {ergonomic}
    uintx NonProfiledCodeHeapSize                  = 122909434                              {pd product} {ergonomic}
   size_t OldSize                                  = 70254592                                  {product} {ergonomic}
    uintx ProfiledCodeHeapSize                     = 122909434                              {pd product} {ergonomic}
    uintx ReservedCodeCacheSize                    = 251658240                              {pd product} {ergonomic}
     bool SegmentedCodeCache                       = true                                      {product} {ergonomic}
   size_t SoftMaxHeapSize                          = 2147483648                             {manageable} {ergonomic}
     bool UseCompressedOops                        = true                           {product lp64_product} {ergonomic}
     bool UseLargePagesIndividualAllocation        = false                                  {pd product} {ergonomic}
     bool UseParallelGC                            = true                                      {product} {command line}

Logging:
Log output configuration:
 #0: stdout all=off uptime,level,tags foldmultilines=false
 #1: stderr all=off uptime,level,tags foldmultilines=false

Release file:
JAVA_VERSION="21.0.11" 
MODULES="java.base java.compiler java.datatransfer java.xml java.prefs java.desktop java.instrument java.logging java.management java.security.sasl java.naming java.rmi java.management.rmi java.net.http java.scripting java.security.jgss java.transaction.xa java.sql java.sql.rowset java.xml.crypto java.se java.smartcardio jdk.accessibility jdk.internal.jvmstat jdk.attach jdk.charsets jdk.internal.opt jdk.zipfs jdk.compiler jdk.crypto.ec jdk.crypto.cryptoki jdk.crypto.mscapi jdk.dynalink jdk.internal.ed jdk.editpad jdk.hotspot.agent jdk.httpserver jdk.internal.le jdk.internal.vm.ci jdk.internal.vm.compiler jdk.internal.vm.compiler.management jdk.jartool jdk.javadoc jdk.jcmd jdk.management jdk.management.agent jdk.jconsole jdk.jdeps jdk.jdwp.agent jdk.jdi jdk.jfr jdk.jshell jdk.jsobject jdk.jstatd jdk.localedata jdk.management.jfr jdk.naming.dns jdk.naming.rmi jdk.net jdk.nio.mapmode jdk.random jdk.sctp jdk.security.auth jdk.security.jgss jdk.unsupported jdk.unsupported.desktop jdk.xml.dom" 

Environment Variables:
JAVA_HOME=C:\Program Files\Java\jdk-21.0.5
PATH=C:\app\athar\product\21c\dbhomeXE\bin;C:\Python313\Scripts\;C:\Python313\;C:\Program Files (x86)\Common Files\Oracle\Java\javapath;C:\Windows\system32;C:\Windows;C:\Windows\System32\Wbem;C:\Windows\System32\WindowsPowerShell\v1.0\;C:\Windows\System32\OpenSSH\;C:\Program Files (x86)\NVIDIA Corporation\PhysX\Common;C:\WINDOWS\system32;C:\WINDOWS;C:\WINDOWS\System32\Wbem;C:\WINDOWS\System32\WindowsPowerShell\v1.0\;C:\WINDOWS\System32\OpenSSH\;C:\Program Files\dotnet\;C:\Program Files\Git\cmd;C:\Users\athar\Downloads\apache-maven-3.8.8-bin\bin;C:\Users\athar\Downloads\apache-maven-3.8.8-bin;C:\Users\athar\Downloads\apache-maven-3.8.8-bin\apache-maven-3.8.8\bin;C:\ProgramData\chocolatey\bin;C:\Users\athar\Downloads\flutter_windows_3.29.3-stable\flutter\bin;C:\Program Files\Java\jdk-21.0.5\bin;C:\\Users\\athar\\AppData\\Local\\Android\\sdk\cmdline-tools\latest\bin;C:\Program Files\cursor\resources\app\bin;C:\Program Files\NVIDIA Corporation\NVIDIA App\NvDLISR;C:\Program Files\Docker\Docker\resources\bin;C:\Program Files\nodejs\;C:\Users\athar\AppData\Local\Microsoft\WindowsApps;C:\Users\athar\AppData\Local\Programs\Microsoft VS Code\bin;C:\Users\athar\Downloads\mongosh-2.3.3-win32-x64\mongosh-2.3.3-win32-x64\bin;C:\Users\athar\Downloads\apache-maven-3.8.8-bin\bin;C:\Users\athar\Downloads\apache-maven-3.8.8-bin;C:\Users\athar\Downloads\flutter_windows_3.29.3-stable\flutter\bin;C:\Users\athar\AppData\Local\Programs\cursor\resources\app\bin;C:\Users\athar\AppData\Roaming\npm
USERNAME=athar
OS=Windows_NT
PROCESSOR_IDENTIFIER=Intel64 Family 6 Model 141 Stepping 1, GenuineIntel
TMP=C:\Users\athar\AppData\Local\Temp
TEMP=C:\Users\athar\AppData\Local\Temp




Periodic native trim disabled

---------------  S Y S T E M  ---------------

OS:
 Windows 11 , 64 bit Build 26100 (10.0.26100.8521)
OS uptime: 15 days 7:39 hours
Hyper-V role detected

CPU: total 12 (initial active 12) (6 cores per cpu, 2 threads per core) family 6 model 141 stepping 1 microcode 0x58, cx8, cmov, fxsr, ht, mmx, 3dnowpref, sse, sse2, sse3, ssse3, sse4.1, sse4.2, popcnt, lzcnt, tsc, tscinvbit, avx, avx2, aes, erms, clmul, bmi1, bmi2, adx, avx512f, avx512dq, avx512cd, avx512bw, avx512vl, sha, fma, vzeroupper, avx512_vpopcntdq, avx512_vpclmulqdq, avx512_vaes, avx512_vnni, clflush, clflushopt, clwb, avx512_vbmi2, avx512_vbmi, hv, rdtscp, rdpid, fsrm, gfni, avx512_bitalg, f16c, cet_ibt, cet_ss, avx512_ifma
Processor Information for the first 12 processors :
  Max Mhz: 2611, Current Mhz: 2611, Mhz Limit: 2611

Memory: 4k page, system-wide physical 7918M (666M free)
TotalPageFile size 32494M (AvailPageFile size 3M)
current process WorkingSet (physical memory assigned to process): 93M, peak: 94M
current process commit charge ("private bytes"): 249M, peak: 250M

vm_info: OpenJDK 64-Bit Server VM (21.0.11+10-LTS) for windows-amd64 JRE (21.0.11+10-LTS), built on 2026-04-21T00:00:00Z by "admin" with MS VC++ 17.12 (VS2022)

END.
